{
  "RSpec": {
    "coverage": {
      "/home/jello/workspace/firstdraft/ai-chat/lib/ai/chat.rb": {
        "lines": [
          null,
          null,
          1,
          1,
          1,
          1,
          null,
          1,
          1,
          1,
          1,
          1,
          null,
          null,
          1,
          null,
          1,
          1,
          3,
          null,
          null,
          1,
          1,
          null,
          1,
          null,
          1,
          0,
          0,
          0,
          0,
          0,
          0,
          null,
          null,
          1,
          0,
          0,
          null,
          null,
          null,
          null,
          null,
          null,
          null,
          null,
          null,
          0,
          null,
          null,
          null,
          null,
          null,
          0,
          0,
          0,
          null,
          null,
          null,
          null,
          null,
          0,
          0,
          0,
          null,
          null,
          null,
          null,
          null,
          0,
          0,
          0,
          null,
          null,
          null,
          null,
          null,
          null,
          0,
          null,
          0,
          null,
          null,
          null,
          null,
          null,
          null,
          null,
          null,
          null,
          0,
          null,
          null,
          null,
          null,
          null,
          null,
          null,
          null,
          1,
          0,
          null,
          null,
          1,
          0,
          null,
          null,
          1,
          0,
          null,
          null,
          1,
          0,
          null,
          0,
          0,
          0,
          0,
          0,
          null,
          0,
          0,
          0,
          0,
          null,
          0,
          0,
          0,
          null,
          null,
          0,
          null,
          null,
          1,
          0,
          0,
          0,
          0,
          0,
          null,
          null,
          1,
          0,
          0,
          null,
          null,
          0,
          null,
          0,
          0,
          null,
          0,
          0,
          null,
          null,
          null,
          null,
          1,
          0,
          0,
          0,
          0,
          null,
          0,
          null,
          null,
          null,
          1,
          0,
          null,
          null,
          1,
          0,
          null,
          null,
          1,
          0,
          null,
          null,
          1,
          0,
          null,
          null,
          1,
          null,
          null,
          1,
          null,
          1,
          null,
          0,
          null,
          null,
          null,
          null,
          null,
          null,
          null,
          0,
          0,
          null,
          null,
          1,
          0,
          null,
          null,
          0,
          0,
          0,
          null,
          null,
          null,
          null,
          null,
          null,
          0,
          0,
          null,
          0,
          null,
          null,
          0,
          null,
          0,
          null,
          0,
          null,
          null,
          null,
          null,
          1,
          0,
          null,
          0,
          null,
          0,
          null,
          0,
          null,
          0,
          null,
          0,
          null,
          0,
          null,
          0,
          0,
          0,
          0,
          null,
          0,
          null,
          null,
          0,
          0,
          null,
          0,
          0,
          null,
          0,
          null,
          0,
          null,
          null,
          null,
          1,
          0,
          0,
          null,
          null,
          null,
          1,
          0,
          0,
          0,
          null,
          null,
          null,
          1,
          0,
          null,
          null,
          null
        ],
        "branches": {
          "[:if, 0, 37, 6, 97, 9]": {
            "[:then, 1, 38, 8, 44, 9]": 0,
            "[:else, 2, 47, 8, 96, 9]": 0
          },
          "[:if, 3, 54, 8, 89, 11]": {
            "[:then, 4, 55, 10, 62, 46]": 0,
            "[:else, 5, 63, 8, 89, 11]": 0
          },
          "[:if, 6, 63, 8, 89, 11]": {
            "[:then, 7, 64, 10, 69, 11]": 0,
            "[:else, 8, 70, 8, 89, 11]": 0
          },
          "[:if, 9, 70, 8, 89, 11]": {
            "[:then, 10, 71, 10, 79, 45]": 0,
            "[:else, 11, 81, 10, 87, 11]": 0
          },
          "[:if, 12, 115, 6, 129, 9]": {
            "[:then, 13, 116, 8, 118, 51]": 0,
            "[:else, 14, 119, 6, 129, 9]": 0
          },
          "[:if, 15, 119, 6, 129, 9]": {
            "[:then, 16, 121, 8, 124, 66]": 0,
            "[:else, 17, 126, 8, 128, 51]": 0
          },
          "[:if, 18, 143, 6, 155, 9]": {
            "[:then, 19, 144, 8, 144, 31]": 0,
            "[:else, 20, 147, 8, 154, 11]": 0
          },
          "[:if, 21, 147, 23, 147, 65]": {
            "[:then, 22, 147, 45, 147, 57]": 0,
            "[:else, 23, 147, 60, 147, 65]": 0
          },
          "[:if, 24, 149, 8, 154, 11]": {
            "[:then, 25, 150, 10, 150, 42]": 0,
            "[:else, 26, 152, 10, 153, 108]": 0
          },
          "[:if, 27, 159, 6, 165, 9]": {
            "[:then, 28, 160, 8, 160, 58]": 0,
            "[:else, 29, 161, 6, 165, 9]": 0
          },
          "[:if, 30, 161, 6, 165, 9]": {
            "[:then, 31, 162, 8, 162, 23]": 0,
            "[:else, 32, 164, 8, 164, 108]": 0
          },
          "[:\"&.\", 33, 177, 6, 177, 23]": {
            "[:then, 34, 177, 6, 177, 23]": 0,
            "[:else, 35, 177, 6, 177, 23]": 0
          },
          "[:if, 36, 204, 6, 228, 9]": {
            "[:then, 37, 206, 8, 221, 11]": 0,
            "[:else, 38, 222, 6, 228, 9]": 0
          },
          "[:if, 39, 208, 10, 210, 13]": {
            "[:then, 40, 209, 12, 209, 23]": 0,
            "[:else, 41, 208, 10, 210, 13]": 0
          },
          "[:if, 42, 216, 8, 221, 11]": {
            "[:then, 43, 217, 10, 217, 20]": 0,
            "[:else, 44, 219, 10, 220, 156]": 0
          },
          "[:if, 45, 222, 6, 228, 9]": {
            "[:then, 46, 224, 8, 224, 18]": 0,
            "[:else, 47, 226, 8, 227, 116]": 0
          },
          "[:case, 48, 232, 6, 263, 9]": {
            "[:when, 49, 234, 8, 234, 11]": 0,
            "[:when, 50, 236, 8, 244, 51]": 0,
            "[:when, 51, 246, 8, 262, 51]": 0,
            "[:else, 52, 232, 6, 263, 9]": 0
          },
          "[:if, 53, 246, 19, 252, 11]": {
            "[:then, 54, 247, 10, 247, 18]": 0,
            "[:else, 55, 248, 8, 252, 11]": 0
          },
          "[:if, 56, 248, 8, 252, 11]": {
            "[:then, 57, 249, 10, 249, 31]": 0,
            "[:else, 58, 251, 10, 251, 19]": 0
          },
          "[:if, 59, 255, 8, 255, 52]": {
            "[:then, 60, 255, 8, 255, 32]": 0,
            "[:else, 61, 255, 8, 255, 52]": 0
          },
          "[:if, 62, 258, 8, 258, 46]": {
            "[:then, 63, 258, 8, 258, 18]": 0,
            "[:else, 64, 258, 8, 258, 46]": 0
          },
          "[:if, 65, 268, 8, 268, 60]": {
            "[:then, 66, 268, 8, 268, 33]": 0,
            "[:else, 67, 268, 8, 268, 60]": 0
          },
          "[:if, 68, 274, 6, 276, 9]": {
            "[:then, 69, 275, 8, 275, 52]": 0,
            "[:else, 70, 274, 6, 276, 9]": 0
          }
        }
      },
      "/home/jello/workspace/firstdraft/ai-chat/lib/ai/response.rb": {
        "lines": [
          1,
          1,
          1,
          null,
          1,
          0,
          0,
          0,
          0,
          null,
          null
        ],
        "branches": {}
      }
    },
    "timestamp": 1753801397
  }
}
