{
  "RSpec": {
    "coverage": {
      "/Users/raghubetina/code/firstdraft/ai-chat/lib/ai/chat.rb": {
        "lines": [
          null,
          null,
          1,
          1,
          1,
          null,
          1,
          null,
          1,
          null,
          1,
          1,
          1,
          null,
          1,
          null,
          1,
          2,
          2,
          2,
          2,
          2,
          2,
          null,
          null,
          1,
          4,
          4,
          null,
          null,
          null,
          null,
          null,
          null,
          null,
          null,
          null,
          null,
          0,
          null,
          null,
          null,
          null,
          0,
          0,
          null,
          0,
          null,
          null,
          null,
          null,
          0,
          0,
          0,
          null,
          null,
          null,
          null,
          null,
          0,
          0,
          null,
          0,
          null,
          null,
          null,
          null,
          null,
          0,
          null,
          0,
          null,
          null,
          null,
          null,
          null,
          null,
          null,
          null,
          null,
          0,
          null,
          null,
          null,
          null,
          null,
          null,
          null,
          null,
          1,
          2,
          null,
          null,
          1,
          2,
          null,
          null,
          1,
          0,
          null,
          null,
          1,
          2,
          null,
          0,
          null,
          0,
          0,
          0,
          null,
          0,
          0,
          null,
          0,
          null,
          null,
          0,
          null,
          null,
          0,
          null,
          0,
          null,
          null,
          1,
          0,
          0,
          null,
          null,
          0,
          null,
          0,
          0,
          null,
          0,
          0,
          null,
          null,
          null,
          null,
          1,
          2,
          1,
          1,
          1,
          null,
          1,
          1,
          0,
          null,
          1,
          null,
          null,
          0,
          null,
          null,
          null,
          1,
          0,
          null,
          null,
          1,
          0,
          null,
          null,
          1,
          null,
          null,
          1,
          null,
          1,
          null,
          2,
          null,
          null,
          null,
          null,
          null,
          null,
          null,
          null,
          null,
          2,
          null,
          0,
          null,
          0,
          null,
          0,
          0,
          null,
          null,
          0,
          null,
          null,
          null,
          2,
          null,
          null,
          12,
          2,
          null,
          null,
          1,
          0,
          null,
          null,
          0,
          0,
          0,
          null,
          null,
          null,
          null,
          null,
          null,
          0,
          0,
          null,
          0,
          null,
          null,
          0,
          null,
          0,
          null,
          0,
          null,
          null,
          null,
          null,
          1,
          0,
          null,
          0,
          null,
          0,
          null,
          0,
          null,
          0,
          null,
          0,
          null,
          0,
          null,
          0,
          0,
          0,
          0,
          null,
          0,
          null,
          null,
          0,
          0,
          null,
          0,
          0,
          null,
          0,
          null,
          0,
          null,
          null,
          null,
          1,
          2,
          4,
          4,
          null,
          null,
          null,
          1,
          2,
          2,
          0,
          null,
          2,
          null,
          null,
          1,
          0,
          null,
          null,
          null
        ],
        "branches": {
          "[:if, 0, 60, 8, 77, 11]": {
            "[:then, 1, 61, 10, 69, 45]": 0,
            "[:else, 2, 71, 10, 77, 11]": 0
          },
          "[:if, 3, 53, 8, 77, 11]": {
            "[:then, 4, 54, 10, 59, 11]": 0,
            "[:else, 5, 60, 8, 77, 11]": 0
          },
          "[:if, 6, 44, 8, 79, 11]": {
            "[:then, 7, 45, 10, 52, 46]": 0,
            "[:else, 8, 53, 8, 77, 11]": 0
          },
          "[:if, 9, 27, 6, 87, 9]": {
            "[:then, 10, 28, 8, 34, 9]": 4,
            "[:else, 11, 37, 8, 86, 9]": 0
          },
          "[:if, 12, 109, 6, 114, 47]": {
            "[:then, 13, 111, 8, 112, 56]": 0,
            "[:else, 14, 114, 8, 114, 47]": 0
          },
          "[:if, 15, 107, 16, 115, 9]": {
            "[:then, 16, 108, 8, 108, 47]": 0,
            "[:else, 17, 109, 6, 114, 47]": 0
          },
          "[:if, 18, 130, 23, 130, 65]": {
            "[:then, 19, 130, 45, 130, 57]": 0,
            "[:else, 20, 130, 60, 130, 65]": 0
          },
          "[:if, 21, 132, 8, 137, 11]": {
            "[:then, 22, 133, 10, 133, 42]": 0,
            "[:else, 23, 135, 10, 136, 108]": 0
          },
          "[:if, 24, 126, 6, 138, 9]": {
            "[:then, 25, 127, 8, 127, 31]": 0,
            "[:else, 26, 130, 8, 137, 11]": 0
          },
          "[:unless, 27, 144, 8, 146, 11]": {
            "[:else, 28, 144, 8, 146, 11]": 0,
            "[:then, 29, 145, 10, 145, 37]": 1
          },
          "[:if, 30, 148, 18, 152, 11]": {
            "[:then, 31, 149, 10, 149, 15]": 0,
            "[:else, 32, 151, 10, 151, 25]": 1
          },
          "[:if, 33, 147, 6, 154, 108]": {
            "[:then, 34, 148, 8, 152, 11]": 1,
            "[:else, 35, 154, 8, 154, 108]": 0
          },
          "[:if, 36, 142, 6, 155, 9]": {
            "[:then, 37, 143, 8, 146, 11]": 1,
            "[:else, 38, 147, 6, 154, 108]": 1
          },
          "[:\"&.\", 39, 185, 60, 185, 76]": {
            "[:then, 40, 185, 60, 185, 76]": 0,
            "[:else, 41, 185, 60, 185, 76]": 0
          },
          "[:unless, 42, 190, 10, 190, 87]": {
            "[:else, 43, 190, 10, 190, 87]": 0,
            "[:then, 44, 190, 10, 190, 60]": 0
          },
          "[:if, 45, 187, 8, 194, 11]": {
            "[:then, 46, 189, 10, 190, 87]": 0,
            "[:else, 47, 193, 10, 193, 56]": 0
          },
          "[:if, 48, 183, 6, 198, 9]": {
            "[:then, 49, 185, 8, 194, 11]": 0,
            "[:else, 50, 197, 8, 197, 54]": 2
          },
          "[:if, 51, 209, 10, 211, 13]": {
            "[:then, 52, 210, 12, 210, 23]": 0,
            "[:else, 53, 209, 10, 211, 13]": 0
          },
          "[:if, 54, 217, 8, 222, 11]": {
            "[:then, 55, 218, 10, 218, 20]": 0,
            "[:else, 56, 220, 10, 221, 156]": 0
          },
          "[:if, 57, 223, 6, 228, 116]": {
            "[:then, 58, 225, 8, 225, 18]": 0,
            "[:else, 59, 227, 8, 228, 116]": 0
          },
          "[:if, 60, 205, 6, 229, 9]": {
            "[:then, 61, 208, 10, 222, 11]": 0,
            "[:else, 62, 223, 6, 228, 116]": 0
          },
          "[:case, 63, 233, 6, 264, 9]": {
            "[:when, 64, 235, 8, 235, 11]": 0,
            "[:when, 65, 237, 8, 245, 51]": 0,
            "[:when, 66, 247, 8, 263, 51]": 0,
            "[:else, 67, 233, 6, 264, 9]": 0
          },
          "[:if, 68, 249, 8, 252, 19]": {
            "[:then, 69, 250, 10, 250, 31]": 0,
            "[:else, 70, 252, 10, 252, 19]": 0
          },
          "[:if, 71, 247, 19, 253, 11]": {
            "[:then, 72, 248, 10, 248, 18]": 0,
            "[:else, 73, 249, 8, 252, 19]": 0
          },
          "[:if, 74, 256, 8, 256, 52]": {
            "[:then, 75, 256, 8, 256, 32]": 0,
            "[:else, 76, 256, 8, 256, 52]": 0
          },
          "[:if, 77, 259, 8, 259, 46]": {
            "[:then, 78, 259, 8, 259, 18]": 0,
            "[:else, 79, 259, 8, 259, 46]": 0
          },
          "[:if, 80, 269, 8, 269, 60]": {
            "[:then, 81, 269, 8, 269, 33]": 0,
            "[:else, 82, 269, 8, 269, 60]": 4
          },
          "[:if, 83, 270, 8, 270, 93]": {
            "[:then, 84, 270, 8, 270, 60]": 0,
            "[:else, 85, 270, 8, 270, 93]": 4
          },
          "[:if, 86, 276, 6, 278, 9]": {
            "[:then, 87, 277, 8, 277, 50]": 0,
            "[:else, 88, 276, 6, 278, 9]": 2
          }
        }
      },
      "/Users/raghubetina/code/firstdraft/ai-chat/openai-ruby/lib/openai.rb": {
        "lines": [
          null,
          null,
          null,
          1,
          1,
          1,
          1,
          1,
          1,
          1,
          1,
          1,
          1,
          1,
          1,
          1,
          null,
          null,
          1,
          null,
          null,
          0,
          null,
          null,
          null,
          1,
          null,
          null,
          1,
          1,
          1,
          1,
          1,
          1,
          1,
          1,
          1,
          1,
          1,
          1,
          1,
          1,
          1,
          1,
          1,
          1,
          1,
          1,
          1,
          1,
          1,
          1,
          1,
          1,
          1,
          1,
          1,
          1,
          1,
          1,
          1,
          1,
          1,
          1,
          1,
          1,
          1,
          1,
          1,
          1,
          1,
          1,
          1,
          1,
          1,
          1,
          1,
          1,
          1,
          1,
          1,
          1,
          1,
          1,
          1,
          1,
          1,
          1,
          1,
          1,
          1,
          1,
          1,
          1,
          1,
          1,
          1,
          1,
          1,
          1,
          1,
          1,
          1,
          1,
          1,
          1,
          1,
          1,
          1,
          1,
          1,
          1,
          1,
          1,
          1,
          1,
          1,
          1,
          1,
          1,
          1,
          1,
          1,
          1,
          1,
          1,
          1,
          1,
          1,
          1,
          1,
          1,
          1,
          1,
          1,
          1,
          1,
          1,
          1,
          1,
          1,
          1,
          1,
          1,
          1,
          1,
          1,
          1,
          1,
          1,
          1,
          1,
          1,
          1,
          1,
          1,
          1,
          1,
          1,
          1,
          1,
          1,
          1,
          1,
          1,
          1,
          1,
          1,
          1,
          1,
          1,
          1,
          1,
          1,
          1,
          1,
          1,
          1,
          1,
          1,
          1,
          1,
          1,
          1,
          1,
          1,
          1,
          1,
          1,
          1,
          1,
          1,
          1,
          1,
          1,
          1,
          1,
          1,
          1,
          1,
          1,
          1,
          1,
          1,
          1,
          1,
          1,
          1,
          1,
          1,
          1,
          1,
          1,
          1,
          1,
          1,
          1,
          1,
          1,
          1,
          1,
          1,
          1,
          1,
          1,
          1,
          1,
          1,
          1,
          1,
          1,
          1,
          1,
          1,
          1,
          1,
          1,
          1,
          1,
          1,
          1,
          1,
          1,
          1,
          1,
          1,
          1,
          1,
          1,
          1,
          1,
          1,
          1,
          1,
          1,
          1,
          1,
          1,
          1,
          1,
          1,
          1,
          1,
          1,
          1,
          1,
          1,
          1,
          1,
          1,
          1,
          1,
          1,
          1,
          1,
          1,
          1,
          1,
          1,
          1,
          1,
          1,
          1,
          1,
          1,
          1,
          1,
          1,
          1,
          1,
          1,
          1,
          1,
          1,
          1,
          1,
          1,
          1,
          1,
          1,
          1,
          1,
          1,
          1,
          1,
          1,
          1,
          1,
          1,
          1,
          1,
          1,
          1,
          1,
          1,
          1,
          1,
          1,
          1,
          1,
          1,
          1,
          1,
          1,
          1,
          1,
          1,
          1,
          1,
          1,
          1,
          1,
          1,
          1,
          1,
          1,
          1,
          1,
          1,
          1,
          1,
          1,
          1,
          1,
          1,
          1,
          1,
          1,
          1,
          1,
          1,
          1,
          1,
          1,
          1,
          1,
          1,
          1,
          1,
          1,
          1,
          1,
          1,
          1,
          1,
          1,
          1,
          1,
          1,
          1,
          1,
          1,
          1,
          1,
          1,
          1,
          1,
          1,
          1,
          1,
          1,
          1,
          1,
          1,
          1,
          1,
          1,
          1,
          1,
          1,
          1,
          1,
          1,
          1,
          1,
          1,
          1,
          1,
          1,
          1,
          1,
          1,
          1,
          1,
          1,
          1,
          1,
          1,
          1,
          1,
          1,
          1,
          1,
          1,
          1,
          1,
          1,
          1,
          1,
          1,
          1,
          1,
          1,
          1,
          1,
          1,
          1,
          1,
          1,
          1,
          1,
          1,
          1,
          1,
          1,
          1,
          1,
          1,
          1,
          1,
          1,
          1,
          1,
          1,
          1,
          1,
          1,
          1,
          1,
          1,
          1,
          1,
          1,
          1,
          1,
          1,
          1,
          1,
          1,
          1,
          1,
          1,
          1,
          1,
          1,
          1,
          1,
          1,
          1,
          1,
          1,
          1,
          1,
          1,
          1,
          1,
          1,
          1,
          1,
          1,
          1,
          1,
          1,
          1,
          1,
          1,
          1,
          1,
          1,
          1,
          1,
          1,
          1,
          1,
          1,
          1,
          1,
          1,
          1,
          1,
          1,
          1,
          1,
          1,
          1,
          1,
          1,
          1,
          1,
          1,
          1,
          1,
          1,
          1,
          1,
          1,
          1,
          1,
          1,
          1,
          1,
          1,
          1,
          1,
          1,
          1,
          1,
          1,
          1,
          1,
          1,
          1,
          1,
          1,
          1,
          1,
          1,
          1,
          1,
          1,
          1,
          1,
          1,
          1,
          1,
          1,
          1,
          1,
          1
        ],
        "branches": {
          "[:if, 0, 19, 0, 23, 3]": {
            "[:then, 1, 22, 2, 22, 8]": 0,
            "[:else, 2, 19, 0, 23, 3]": 1
          }
        }
      },
      "/Users/raghubetina/code/firstdraft/ai-chat/openai-ruby/lib/openai/internal/util.rb": {
        "lines": [
          null,
          null,
          1,
          1,
          null,
          1,
          null,
          null,
          null,
          1,
          null,
          null,
          null,
          null,
          null,
          null,
          1,
          2774,
          null,
          4806,
          2772,
          null,
          2034,
          null,
          null,
          null,
          null,
          null,
          1,
          null,
          null,
          null,
          1,
          null,
          1,
          0,
          null,
          1,
          null,
          0,
          null,
          0,
          null,
          0,
          null,
          null,
          null,
          null,
          null,
          null,
          1,
          null,
          1,
          0,
          null,
          0,
          null,
          1,
          null,
          0,
          null,
          0,
          null,
          0,
          null,
          0,
          null,
          null,
          null,
          null,
          1,
          null,
          null,
          null,
          null,
          null,
          1,
          null,
          0,
          0,
          null,
          0,
          null,
          null,
          null,
          null,
          null,
          null,
          null,
          null,
          1,
          null,
          2,
          0,
          null,
          0,
          null,
          2,
          null,
          null,
          null,
          null,
          null,
          null,
          null,
          null,
          null,
          1,
          null,
          0,
          0,
          null,
          0,
          null,
          null,
          null,
          null,
          null,
          null,
          null,
          null,
          1,
          0,
          null,
          null,
          null,
          null,
          null,
          null,
          null,
          1,
          0,
          null,
          null,
          null,
          null,
          null,
          null,
          null,
          1,
          null,
          4,
          2,
          null,
          2,
          null,
          null,
          null,
          null,
          null,
          null,
          null,
          null,
          null,
          1,
          null,
          2,
          2,
          null,
          0,
          0,
          null,
          null,
          null,
          null,
          1,
          null,
          null,
          null,
          null,
          null,
          null,
          null,
          1,
          null,
          6,
          6,
          null,
          0,
          null,
          0,
          null,
          null,
          null,
          null,
          null,
          null,
          null,
          null,
          null,
          null,
          null,
          null,
          null,
          null,
          null,
          1,
          null,
          6,
          6,
          6,
          null,
          null,
          0,
          null,
          null,
          null,
          null,
          null,
          null,
          null,
          null,
          null,
          null,
          1,
          null,
          8,
          0,
          null,
          16,
          null,
          0,
          null,
          0,
          0,
          null,
          0,
          null,
          0,
          null,
          null,
          null,
          0,
          null,
          0,
          null,
          null,
          null,
          null,
          1,
          null,
          null,
          null,
          null,
          null,
          1,
          2,
          null,
          null,
          null,
          null,
          null,
          null,
          null,
          1,
          null,
          2,
          2,
          null,
          0,
          null,
          0,
          0,
          null,
          null,
          null,
          null,
          1,
          null,
          null,
          null,
          null,
          null,
          1,
          4,
          null,
          null,
          null,
          null,
          null,
          null,
          null,
          1,
          4,
          null,
          null,
          null,
          1,
          null,
          null,
          null,
          null,
          null,
          1,
          4,
          4,
          null,
          null,
          null,
          null,
          null,
          null,
          null,
          null,
          null,
          null,
          null,
          null,
          null,
          null,
          null,
          null,
          null,
          1,
          2,
          null,
          null,
          null,
          null,
          null,
          null,
          null,
          null,
          null,
          null,
          null,
          null,
          null,
          null,
          null,
          null,
          null,
          null,
          null,
          null,
          null,
          null,
          null,
          null,
          null,
          null,
          null,
          null,
          null,
          1,
          2,
          2,
          null,
          2,
          2,
          null,
          2,
          2,
          2,
          null,
          null,
          null,
          null,
          null,
          2,
          2,
          null,
          null,
          null,
          1,
          null,
          null,
          null,
          null,
          null,
          1,
          4,
          null,
          null,
          42,
          0,
          null,
          42,
          null,
          42,
          null,
          null,
          null,
          null,
          null,
          null,
          null,
          1,
          null,
          null,
          null,
          1,
          null,
          null,
          1,
          null,
          2,
          0,
          null,
          0,
          null,
          null,
          null,
          null,
          null,
          null,
          null,
          null,
          null,
          1,
          null,
          0,
          0,
          null,
          0,
          0,
          null,
          null,
          0,
          0,
          null,
          null,
          null,
          null,
          null,
          null,
          null,
          null,
          1,
          null,
          4,
          0,
          null,
          4,
          null,
          0,
          null,
          0,
          0,
          null,
          0,
          null,
          null,
          null,
          null,
          null,
          null,
          null,
          null,
          null,
          null,
          null,
          1,
          null,
          null,
          2,
          2,
          null,
          0,
          0,
          null,
          0,
          null,
          2,
          2,
          null,
          null,
          null,
          1,
          null,
          null,
          null,
          null,
          1,
          0,
          0,
          0,
          0,
          0,
          null,
          null,
          0,
          null,
          null,
          null,
          null,
          null,
          1,
          null,
          1,
          null,
          1,
          null,
          null,
          null,
          null,
          null,
          null,
          1,
          0,
          null,
          null,
          0,
          0,
          null,
          null,
          null,
          null,
          null,
          null,
          0,
          0,
          0,
          0,
          null,
          0,
          0,
          null,
          0,
          0,
          0,
          0,
          0,
          null,
          0,
          0,
          null,
          0,
          null,
          null,
          null,
          null,
          null,
          null,
          null,
          null,
          null,
          1,
          0,
          0,
          null,
          0,
          0,
          0,
          null,
          null,
          null,
          0,
          0,
          0,
          null,
          0,
          0,
          null,
          null,
          0,
          null,
          0,
          null,
          null,
          null,
          null,
          null,
          null,
          null,
          null,
          null,
          1,
          0,
          null,
          0,
          0,
          null,
          0,
          0,
          null,
          0,
          0,
          0,
          null,
          null,
          0,
          null,
          null,
          null,
          0,
          null,
          0,
          null,
          null,
          0,
          0,
          null,
          null,
          null,
          null,
          null,
          null,
          null,
          null,
          1,
          null,
          null,
          2,
          null,
          2,
          2,
          null,
          0,
          null,
          0,
          0,
          0,
          null,
          0,
          null,
          0,
          null,
          0,
          null,
          0,
          null,
          null,
          null,
          null,
          null,
          null,
          null,
          null,
          null,
          null,
          null,
          1,
          0,
          null,
          0,
          null,
          null,
          0,
          0,
          0,
          0,
          null,
          null,
          null,
          null,
          null,
          null,
          null,
          null,
          null,
          null,
          null,
          null,
          null,
          1,
          null,
          2,
          2,
          null,
          2,
          null,
          0,
          0,
          null,
          null,
          0,
          0,
          0,
          null,
          null,
          0,
          0,
          null,
          0,
          0,
          0,
          null,
          null,
          null,
          null,
          1,
          null,
          null,
          null,
          null,
          null,
          null,
          null,
          null,
          null,
          1,
          2,
          2,
          4,
          null,
          2,
          2,
          6,
          null,
          0,
          null,
          null,
          4,
          4,
          null,
          null,
          2,
          0,
          0,
          null,
          2,
          null,
          null,
          null,
          null,
          null,
          1,
          0,
          null,
          null,
          0,
          null,
          null,
          null,
          null,
          null,
          null,
          null,
          null,
          null,
          null,
          1,
          0,
          0,
          null,
          null,
          null,
          1,
          null,
          null,
          null,
          null,
          null,
          null,
          null,
          null,
          null,
          null,
          1,
          0,
          0,
          0,
          null,
          0,
          0,
          0,
          0,
          0,
          null,
          0,
          0,
          0,
          null,
          0,
          null,
          0,
          null,
          0,
          0,
          null,
          null,
          null,
          0,
          0,
          null,
          null,
          null,
          null,
          null,
          null,
          null,
          null,
          null,
          null,
          null,
          null,
          1,
          null,
          0,
          0,
          0,
          null,
          0,
          null,
          0,
          0,
          0,
          0,
          null,
          0,
          null,
          0,
          null,
          0,
          0,
          null,
          0,
          null,
          0,
          null,
          0,
          null,
          null,
          null,
          null,
          null,
          null,
          null,
          0,
          null,
          null,
          null,
          null,
          null,
          1,
          1,
          null,
          null,
          null,
          null,
          null,
          1,
          null,
          null,
          null,
          null,
          1,
          0,
          null,
          0,
          0,
          0,
          null,
          null,
          0,
          null,
          null,
          null,
          null,
          null,
          null,
          null,
          1,
          null,
          null,
          null,
          null,
          null,
          1,
          null,
          null,
          null,
          null,
          1,
          null,
          1,
          null,
          null,
          null,
          null,
          null,
          1,
          null,
          0,
          0,
          null,
          0,
          null,
          0,
          null,
          0,
          null,
          null,
          null,
          null,
          null,
          1,
          null,
          1,
          0,
          null,
          0,
          null,
          null,
          null,
          null,
          null,
          null,
          null,
          null,
          1,
          0,
          null,
          0,
          null,
          null,
          null,
          null,
          null,
          null,
          null,
          null,
          null
        ],
        "branches": {
          "[:case, 0, 19, 10, 24, 13]": {
            "[:in, 1, 21, 12, 21, 30]": 2772,
            "[:else, 2, 23, 12, 23, 14]": 2034
          },
          "[:case, 3, 34, 10, 45, 13]": {
            "[:in, 4, 36, 12, 36, 21]": 0,
            "[:in, 5, 38, 12, 38, 19]": 1,
            "[:in, 6, 40, 12, 40, 17]": 0,
            "[:in, 7, 42, 12, 42, 17]": 0,
            "[:else, 8, 44, 12, 44, 27]": 0
          },
          "[:\"&.\", 9, 34, 15, 34, 58]": {
            "[:then, 10, 34, 15, 34, 58]": 1,
            "[:else, 11, 34, 15, 34, 58]": 0
          },
          "[:case, 12, 52, 10, 67, 13]": {
            "[:in, 13, 54, 12, 54, 21]": 0,
            "[:in, 14, 56, 12, 56, 19]": 0,
            "[:in, 15, 58, 12, 58, 19]": 1,
            "[:in, 16, 60, 12, 60, 21]": 0,
            "[:in, 17, 62, 12, 62, 21]": 0,
            "[:in, 18, 64, 12, 64, 21]": 0,
            "[:else, 19, 66, 12, 66, 27]": 0
          },
          "[:\"&.\", 20, 52, 15, 52, 61]": {
            "[:then, 21, 52, 15, 52, 61]": 1,
            "[:else, 22, 52, 15, 52, 61]": 0
          },
          "[:case, 23, 78, 10, 83, 13]": {
            "[:in, 24, 80, 12, 80, 16]": 0,
            "[:else, 25, 82, 12, 82, 17]": 0
          },
          "[:case, 26, 92, 10, 99, 13]": {
            "[:in, 27, 94, 12, 94, 16]": 0,
            "[:in, 28, 96, 12, 96, 17]": 0,
            "[:else, 29, 98, 12, 98, 17]": 2
          },
          "[:if, 30, 92, 15, 92, 59]": {
            "[:then, 31, 92, 37, 92, 51]": 0,
            "[:else, 32, 92, 54, 92, 59]": 2
          },
          "[:case, 33, 109, 10, 114, 13]": {
            "[:in, 34, 111, 12, 111, 19]": 0,
            "[:else, 35, 113, 12, 113, 91]": 0
          },
          "[:case, 36, 141, 10, 146, 13]": {
            "[:in, 37, 143, 12, 143, 17]": 2,
            "[:else, 38, 145, 12, 145, 57]": 2
          },
          "[:if, 39, 145, 12, 145, 57]": {
            "[:then, 40, 145, 39, 145, 49]": 2,
            "[:else, 41, 145, 52, 145, 57]": 0
          },
          "[:case, 42, 156, 10, 162, 13]": {
            "[:in, 43, 158, 12, 158, 19]": 2,
            "[:else, 44, 160, 12, 161, 44]": 0
          },
          "[:case, 45, 175, 10, 182, 13]": {
            "[:in, 46, 177, 12, 177, 68]": 6,
            "[:in, 47, 179, 12, 179, 27]": 0,
            "[:else, 48, 181, 12, 181, 15]": 0
          },
          "[:case, 49, 198, 10, 205, 13]": {
            "[:in, 50, 200, 12, 202, 15]": 6,
            "[:else, 51, 204, 12, 204, 20]": 0
          },
          "[:case, 52, 216, 10, 236, 13]": {
            "[:in, 53, 218, 12, 218, 16]": 0,
            "[:in, 54, 220, 12, 220, 42]": 8,
            "[:in, 55, 222, 12, 231, 15]": 0,
            "[:in, 56, 233, 12, 233, 27]": 0,
            "[:else, 57, 235, 12, 235, 21]": 0
          },
          "[:\"&.\", 58, 220, 31, 220, 40]": {
            "[:then, 59, 220, 31, 220, 40]": 2,
            "[:else, 60, 220, 31, 220, 40]": 6
          },
          "[:case, 61, 223, 14, 230, 17]": {
            "[:in, 62, 225, 16, 225, 30]": 0,
            "[:in, 63, 227, 16, 227, 24]": 0,
            "[:else, 64, 229, 16, 229, 32]": 0
          },
          "[:\"&.\", 65, 229, 23, 229, 32]": {
            "[:then, 66, 229, 23, 229, 32]": 0,
            "[:else, 67, 229, 23, 229, 32]": 0
          },
          "[:\"&.\", 68, 235, 12, 235, 21]": {
            "[:then, 69, 235, 12, 235, 21]": 0,
            "[:else, 70, 235, 12, 235, 21]": 0
          },
          "[:if, 71, 247, 40, 247, 90]": {
            "[:then, 72, 247, 71, 247, 73]": 2,
            "[:else, 73, 247, 76, 247, 90]": 0
          },
          "[:case, 74, 256, 10, 264, 13]": {
            "[:in, 75, 258, 12, 258, 16]": 2,
            "[:in, 76, 260, 12, 260, 14]": 0,
            "[:in, 77, 262, 12, 263, 31]": 0,
            "[:else, 78, 256, 10, 264, 13]": 0
          },
          "[:if, 79, 284, 10, 284, 62]": {
            "[:then, 80, 284, 10, 284, 62]": 4,
            "[:else, 81, 284, 36, 284, 62]": 0
          },
          "[:if, 82, 347, 20, 347, 74]": {
            "[:then, 83, 347, 47, 347, 56]": 0,
            "[:else, 84, 347, 59, 347, 74]": 2
          },
          "[:if, 85, 354, 12, 354, 54]": {
            "[:then, 86, 354, 39, 354, 49]": 0,
            "[:else, 87, 354, 52, 354, 54]": 2
          },
          "[:case, 88, 374, 14, 379, 17]": {
            "[:in, 89, 376, 16, 376, 61]": 0,
            "[:else, 90, 378, 16, 378, 32]": 42
          },
          "[:\"&.\", 91, 376, 33, 376, 41]": {
            "[:then, 92, 376, 33, 376, 41]": 0,
            "[:else, 93, 376, 33, 376, 41]": 0
          },
          "[:\"&.\", 94, 376, 33, 376, 48]": {
            "[:then, 95, 376, 33, 376, 48]": 0,
            "[:else, 96, 376, 33, 376, 48]": 0
          },
          "[:\"&.\", 97, 378, 16, 378, 25]": {
            "[:then, 98, 378, 16, 378, 25]": 34,
            "[:else, 99, 378, 16, 378, 25]": 8
          },
          "[:\"&.\", 100, 378, 16, 378, 32]": {
            "[:then, 101, 378, 16, 378, 32]": 34,
            "[:else, 102, 378, 16, 378, 32]": 8
          },
          "[:case, 103, 396, 10, 402, 13]": {
            "[:in, 104, 398, 12, 398, 56]": 0,
            "[:in, 105, 400, 12, 400, 25]": 0,
            "[:else, 106, 401, 14, 401, 14]": 2
          },
          "[:case, 107, 411, 10, 417, 13]": {
            "[:in, 108, 413, 12, 413, 29]": 0,
            "[:in, 109, 415, 12, 416, 34]": 0,
            "[:else, 110, 411, 10, 417, 13]": 0
          },
          "[:while, 111, 415, 12, 415, 60]": {
            "[:body, 112, 415, 12, 415, 32]": 0
          },
          "[:case, 113, 430, 10, 443, 13]": {
            "[:in, 114, 432, 12, 432, 15]": 0,
            "[:in, 115, 434, 12, 434, 45]": 4,
            "[:in, 116, 436, 12, 442, 15]": 0,
            "[:else, 117, 430, 10, 443, 13]": 0
          },
          "[:case, 118, 437, 12, 442, 15]": {
            "[:in, 119, 439, 14, 439, 38]": 0,
            "[:in, 120, 441, 14, 441, 18]": 0,
            "[:else, 121, 437, 12, 442, 15]": 0
          },
          "[:case, 122, 455, 12, 463, 15]": {
            "[:in, 123, 457, 14, 457, 31]": 2,
            "[:in, 124, 459, 14, 460, 37]": 0,
            "[:else, 125, 462, 14, 462, 17]": 0
          },
          "[:case, 126, 502, 10, 527, 13]": {
            "[:in, 127, 504, 12, 509, 13]": 0,
            "[:in, 128, 511, 12, 514, 33]": 0,
            "[:in, 129, 516, 12, 517, 34]": 0,
            "[:in, 130, 519, 12, 520, 27]": 0,
            "[:in, 131, 522, 12, 523, 25]": 0,
            "[:else, 132, 525, 12, 526, 35]": 0
          },
          "[:unless, 133, 542, 10, 545, 13]": {
            "[:else, 134, 542, 10, 545, 13]": 0,
            "[:then, 135, 543, 12, 544, 37]": 0
          },
          "[:case, 136, 547, 10, 555, 13]": {
            "[:in, 137, 549, 12, 550, 45]": 0,
            "[:in, 138, 552, 12, 553, 45]": 0,
            "[:else, 139, 554, 14, 554, 14]": 0
          },
          "[:case, 140, 573, 12, 587, 15]": {
            "[:in, 141, 575, 14, 584, 17]": 0,
            "[:else, 142, 586, 14, 586, 97]": 0
          },
          "[:case, 143, 576, 16, 583, 19]": {
            "[:in, 144, 578, 18, 580, 21]": 0,
            "[:else, 145, 582, 18, 582, 100]": 0
          },
          "[:case, 146, 605, 10, 622, 13]": {
            "[:in, 147, 607, 12, 607, 42]": 2,
            "[:in, 148, 609, 12, 609, 58]": 0,
            "[:in, 149, 611, 12, 613, 28]": 0,
            "[:in, 150, 615, 12, 615, 32]": 0,
            "[:in, 151, 617, 12, 617, 34]": 0,
            "[:in, 152, 619, 12, 619, 35]": 0,
            "[:else, 153, 621, 12, 621, 27]": 0
          },
          "[:\"&.\", 154, 634, 20, 634, 69]": {
            "[:then, 155, 634, 20, 634, 69]": 0,
            "[:else, 156, 634, 20, 634, 69]": 0
          },
          "[:\"&.\", 157, 634, 20, 634, 76]": {
            "[:then, 158, 634, 20, 634, 76]": 0,
            "[:else, 159, 634, 20, 634, 76]": 0
          },
          "[:unless, 160, 636, 10, 636, 31]": {
            "[:else, 161, 636, 10, 636, 31]": 0,
            "[:then, 162, 636, 10, 636, 16]": 0
          },
          "[:case, 163, 657, 10, 678, 13]": {
            "[:in, 164, 659, 12, 664, 18]": 2,
            "[:in, 165, 667, 12, 670, 15]": 0,
            "[:in, 166, 672, 12, 673, 29]": 0,
            "[:else, 167, 675, 12, 677, 30]": 0
          },
          "[:unless, 168, 663, 14, 663, 43]": {
            "[:else, 169, 663, 14, 663, 43]": 0,
            "[:then, 170, 663, 14, 663, 21]": 0
          },
          "[:\"&.\", 171, 704, 12, 704, 23]": {
            "[:then, 172, 704, 12, 704, 23]": 2,
            "[:else, 173, 704, 12, 704, 23]": 2
          },
          "[:if, 174, 695, 12, 695, 25]": {
            "[:then, 175, 695, 12, 695, 16]": 2,
            "[:else, 176, 695, 12, 695, 25]": 2
          },
          "[:if, 177, 698, 12, 702, 15]": {
            "[:then, 178, 699, 14, 699, 37]": 2,
            "[:else, 179, 701, 14, 701, 27]": 0
          },
          "[:unless, 180, 719, 10, 719, 46]": {
            "[:else, 181, 719, 10, 719, 46]": 0,
            "[:then, 182, 719, 10, 719, 16]": 0
          },
          "[:while, 183, 759, 14, 771, 17]": {
            "[:body, 184, 760, 16, 770, 29]": 0
          },
          "[:case, 185, 760, 16, 768, 19]": {
            "[:in, 186, 762, 18, 763, 22]": 0,
            "[:in, 187, 765, 18, 765, 54]": 0,
            "[:else, 188, 767, 18, 767, 59]": 0
          },
          "[:\"&.\", 189, 759, 46, 759, 59]": {
            "[:then, 190, 759, 46, 759, 59]": 0,
            "[:else, 191, 759, 46, 759, 59]": 0
          },
          "[:unless, 192, 774, 12, 774, 68]": {
            "[:else, 193, 774, 12, 774, 68]": 0,
            "[:then, 194, 774, 12, 774, 48]": 0
          },
          "[:unless, 195, 775, 12, 775, 44]": {
            "[:else, 196, 775, 12, 775, 44]": 0,
            "[:then, 197, 775, 12, 775, 23]": 0
          },
          "[:case, 198, 795, 14, 816, 17]": {
            "[:in, 199, 797, 16, 799, 28]": 0,
            "[:in, 200, 801, 16, 801, 20]": 0,
            "[:in, 201, 803, 16, 814, 19]": 0,
            "[:else, 202, 815, 18, 815, 18]": 0
          },
          "[:if, 203, 797, 16, 797, 38]": {
            "[:then, 204, 797, 16, 797, 20]": 0,
            "[:else, 205, 797, 16, 797, 38]": 0
          },
          "[:case, 206, 804, 16, 814, 19]": {
            "[:in, 207, 806, 18, 806, 46]": 0,
            "[:in, 208, 808, 18, 808, 68]": 0,
            "[:in, 209, 810, 18, 810, 43]": 0,
            "[:in, 210, 812, 18, 812, 55]": 0,
            "[:else, 211, 813, 20, 813, 20]": 0
          },
          "[:unless, 212, 820, 12, 820, 59]": {
            "[:else, 213, 820, 12, 820, 59]": 0,
            "[:then, 214, 820, 12, 820, 37]": 0
          },
          "[:unless, 215, 839, 10, 839, 58]": {
            "[:else, 216, 839, 10, 839, 58]": 0,
            "[:then, 217, 839, 10, 839, 15]": 0
          },
          "[:unless, 218, 841, 10, 844, 13]": {
            "[:else, 219, 841, 10, 844, 13]": 0,
            "[:then, 220, 842, 12, 843, 56]": 0
          },
          "[:case, 221, 874, 12, 883, 15]": {
            "[:in, 222, 876, 14, 876, 33]": 0,
            "[:in, 223, 878, 14, 878, 18]": 0,
            "[:in, 224, 880, 14, 880, 24]": 0,
            "[:else, 225, 882, 14, 882, 24]": 0
          }
        }
      },
      "/Users/raghubetina/code/firstdraft/ai-chat/openai-ruby/lib/openai/internal/type/converter.rb": {
        "lines": [
          null,
          null,
          1,
          1,
          1,
          null,
          1,
          1,
          null,
          null,
          null,
          null,
          null,
          null,
          null,
          null,
          null,
          null,
          null,
          null,
          null,
          null,
          null,
          null,
          null,
          null,
          null,
          null,
          1,
          null,
          null,
          null,
          null,
          null,
          null,
          null,
          null,
          null,
          null,
          1,
          null,
          49,
          11,
          null,
          53,
          null,
          0,
          null,
          0,
          null,
          0,
          0,
          null,
          0,
          0,
          null,
          28,
          null,
          null,
          null,
          null,
          null,
          null,
          null,
          null,
          1,
          0,
          null,
          null,
          null,
          null,
          1,
          null,
          null,
          null,
          null,
          null,
          null,
          null,
          null,
          null,
          null,
          null,
          null,
          null,
          1,
          null,
          6860,
          1388,
          null,
          3035,
          null,
          0,
          null,
          2441,
          null,
          0,
          null,
          null,
          null,
          null,
          null,
          null,
          null,
          null,
          1,
          null,
          6,
          null,
          null,
          null,
          null,
          null,
          null,
          null,
          null,
          null,
          null,
          null,
          null,
          null,
          null,
          null,
          null,
          null,
          null,
          null,
          null,
          null,
          null,
          null,
          null,
          null,
          null,
          null,
          null,
          null,
          null,
          null,
          null,
          null,
          null,
          null,
          null,
          null,
          null,
          null,
          null,
          null,
          null,
          null,
          null,
          null,
          null,
          null,
          null,
          null,
          null,
          null,
          1,
          null,
          6,
          null,
          null,
          6,
          0,
          null,
          6,
          0,
          0,
          null,
          null,
          null,
          12,
          0,
          0,
          6,
          null,
          0,
          0,
          0,
          null,
          0,
          0,
          null,
          0,
          null,
          null,
          6,
          0,
          0,
          0,
          null,
          0,
          0,
          null,
          0,
          null,
          null,
          6,
          null,
          6,
          0,
          0,
          null,
          0,
          0,
          null,
          6,
          null,
          0,
          0,
          0,
          null,
          0,
          null,
          0,
          0,
          0,
          null,
          null,
          null,
          null,
          0,
          0,
          0,
          0,
          null,
          0,
          0,
          null,
          null,
          0,
          0,
          null,
          null,
          null,
          null,
          6,
          6,
          null,
          null,
          null,
          null,
          null,
          null,
          null,
          null,
          null,
          null,
          null,
          null,
          null,
          null,
          1,
          null,
          8,
          6,
          null,
          2,
          null,
          null,
          null,
          null,
          null,
          null,
          null,
          null,
          null,
          1,
          null,
          0,
          0,
          null,
          0,
          null,
          null,
          null,
          null,
          1,
          0,
          null,
          1,
          0,
          null,
          0,
          null,
          null,
          null,
          null,
          null,
          null,
          null,
          1,
          0,
          null,
          null,
          null,
          null,
          null
        ],
        "branches": {
          "[:case, 0, 41, 10, 58, 13]": {
            "[:in, 1, 43, 12, 43, 80]": 4,
            "[:in, 2, 45, 12, 45, 93]": 17,
            "[:in, 3, 47, 12, 47, 49]": 0,
            "[:in, 4, 49, 12, 49, 24]": 0,
            "[:in, 5, 51, 12, 52, 39]": 0,
            "[:in, 6, 54, 12, 55, 17]": 0,
            "[:else, 7, 57, 12, 57, 17]": 28
          },
          "[:if, 8, 51, 12, 51, 56]": {
            "[:then, 9, 51, 12, 51, 37]": 0,
            "[:else, 10, 51, 12, 51, 56]": 0
          },
          "[:if, 11, 54, 12, 54, 64]": {
            "[:then, 12, 54, 12, 54, 37]": 0,
            "[:else, 13, 54, 12, 54, 64]": 0
          },
          "[:case, 14, 87, 12, 98, 15]": {
            "[:in, 15, 89, 14, 89, 18]": 1388,
            "[:in, 16, 91, 14, 91, 70]": 3035,
            "[:in, 17, 93, 14, 93, 52]": 0,
            "[:in, 18, 95, 14, 95, 25]": 2437,
            "[:in, 19, 97, 14, 97, 31]": 0,
            "[:else, 20, 87, 12, 98, 15]": 0
          },
          "[:\"&.\", 21, 91, 24, 91, 69]": {
            "[:then, 22, 91, 24, 91, 69]": 3035,
            "[:else, 23, 91, 24, 91, 69]": 0
          },
          "[:case, 24, 164, 12, 237, 15]": {
            "[:in, 25, 166, 14, 166, 55]": 0,
            "[:in, 26, 168, 14, 221, 17]": 6,
            "[:in, 27, 223, 14, 235, 17]": 0,
            "[:else, 28, 236, 16, 236, 16]": 0
          },
          "[:if, 29, 168, 14, 171, 17]": {
            "[:then, 30, 169, 16, 170, 28]": 0,
            "[:else, 31, 168, 14, 171, 17]": 6
          },
          "[:case, 32, 173, 14, 221, 17]": {
            "[:in, 33, 175, 16, 176, 26]": 0,
            "[:in, 34, 178, 16, 188, 19]": 0,
            "[:in, 35, 190, 16, 199, 19]": 0,
            "[:in, 36, 201, 16, 210, 19]": 6,
            "[:in, 37, 212, 16, 216, 19]": 0,
            "[:in, 38, 218, 16, 219, 44]": 0,
            "[:else, 39, 220, 18, 220, 18]": 0
          },
          "[:if, 40, 175, 26, 175, 52]": {
            "[:then, 41, 175, 39, 175, 43]": 0,
            "[:else, 42, 175, 46, 175, 52]": 0
          },
          "[:case, 43, 178, 16, 188, 19]": {
            "[:in, 44, 180, 18, 181, 30]": 0,
            "[:else, 45, 183, 18, 187, 21]": 0
          },
          "[:if, 46, 190, 16, 199, 19]": {
            "[:then, 47, 191, 18, 192, 37]": 0,
            "[:else, 48, 194, 18, 198, 21]": 0
          },
          "[:case, 49, 201, 16, 210, 19]": {
            "[:in, 50, 203, 18, 204, 35]": 0,
            "[:in, 51, 206, 18, 207, 37]": 0,
            "[:else, 52, 209, 18, 209, 97]": 6
          },
          "[:if, 53, 203, 28, 203, 64]": {
            "[:then, 54, 203, 51, 203, 57]": 0,
            "[:else, 55, 203, 60, 203, 64]": 0
          },
          "[:case, 56, 223, 14, 235, 17]": {
            "[:in, 57, 225, 16, 231, 19]": 0,
            "[:else, 58, 233, 16, 234, 58]": 0
          },
          "[:if, 59, 225, 16, 231, 19]": {
            "[:then, 60, 226, 18, 227, 31]": 0,
            "[:else, 61, 229, 18, 230, 30]": 0
          },
          "[:case, 62, 256, 12, 261, 15]": {
            "[:in, 63, 258, 14, 258, 46]": 6,
            "[:else, 64, 260, 14, 260, 71]": 2
          },
          "[:case, 65, 271, 12, 276, 15]": {
            "[:in, 66, 273, 14, 273, 47]": 0,
            "[:else, 67, 275, 14, 275, 28]": 0
          }
        }
      },
      "/Users/raghubetina/code/firstdraft/ai-chat/openai-ruby/lib/openai/internal/type/unknown.rb": {
        "lines": [
          null,
          null,
          1,
          1,
          1,
          null,
          null,
          null,
          null,
          null,
          1,
          1,
          1,
          null,
          null,
          null,
          1,
          null,
          null,
          null,
          null,
          null,
          null,
          1,
          null,
          null,
          null,
          null,
          null,
          null,
          1,
          null,
          1,
          null,
          null,
          null,
          null,
          null,
          null,
          null,
          null,
          null,
          null,
          null,
          null,
          null,
          null,
          null,
          null,
          null,
          null,
          null,
          1,
          0,
          0,
          null,
          null,
          null,
          null,
          null,
          null,
          null,
          null,
          null,
          null,
          null,
          null,
          null,
          null,
          null,
          null,
          1,
          0,
          null,
          null,
          null,
          null,
          null,
          null,
          null,
          null
        ],
        "branches": {}
      },
      "/Users/raghubetina/code/firstdraft/ai-chat/openai-ruby/lib/openai/internal/type/boolean.rb": {
        "lines": [
          null,
          null,
          1,
          1,
          1,
          null,
          null,
          null,
          null,
          null,
          1,
          1,
          1,
          null,
          1,
          null,
          null,
          null,
          null,
          null,
          null,
          1,
          null,
          null,
          null,
          null,
          null,
          null,
          1,
          null,
          1,
          null,
          null,
          null,
          null,
          null,
          null,
          null,
          null,
          null,
          null,
          null,
          null,
          null,
          null,
          null,
          null,
          null,
          null,
          null,
          1,
          0,
          0,
          null,
          null,
          null,
          null,
          null,
          null,
          null,
          null,
          null,
          null,
          null,
          null,
          null,
          null,
          null,
          null,
          1,
          0,
          null,
          null,
          null,
          null,
          null,
          null
        ],
        "branches": {
          "[:if, 0, 52, 36, 52, 80]": {
            "[:then, 1, 52, 70, 52, 74]": 0,
            "[:else, 2, 52, 77, 52, 80]": 0
          }
        }
      },
      "/Users/raghubetina/code/firstdraft/ai-chat/openai-ruby/lib/openai/internal/type/file_input.rb": {
        "lines": [
          null,
          null,
          1,
          1,
          1,
          null,
          null,
          null,
          null,
          null,
          null,
          null,
          null,
          null,
          1,
          1,
          null,
          1,
          null,
          null,
          null,
          null,
          null,
          null,
          1,
          null,
          0,
          0,
          null,
          0,
          null,
          null,
          null,
          null,
          null,
          null,
          null,
          null,
          1,
          null,
          1,
          null,
          null,
          null,
          null,
          null,
          null,
          null,
          null,
          null,
          null,
          null,
          null,
          null,
          null,
          null,
          null,
          null,
          1,
          0,
          null,
          0,
          0,
          0,
          null,
          0,
          0,
          null,
          0,
          0,
          0,
          null,
          null,
          null,
          null,
          null,
          null,
          null,
          null,
          null,
          null,
          null,
          null,
          1,
          null,
          null,
          0,
          0,
          null,
          0,
          null,
          null,
          null,
          null,
          0,
          null,
          null,
          null,
          null,
          null,
          1,
          0,
          null,
          null,
          null,
          null,
          null,
          null
        ],
        "branches": {
          "[:case, 0, 26, 10, 31, 13]": {
            "[:in, 1, 28, 12, 28, 16]": 0,
            "[:else, 2, 30, 12, 30, 17]": 0
          },
          "[:case, 3, 61, 12, 72, 15]": {
            "[:in, 4, 63, 14, 64, 33]": 0,
            "[:in, 5, 66, 14, 67, 19]": 0,
            "[:else, 6, 69, 14, 71, 19]": 0
          },
          "[:case, 7, 86, 12, 92, 15]": {
            "[:in, 8, 88, 14, 88, 39]": 0,
            "[:in, 9, 90, 14, 90, 39]": 0,
            "[:else, 10, 91, 16, 91, 16]": 0
          }
        }
      },
      "/Users/raghubetina/code/firstdraft/ai-chat/openai-ruby/lib/openai/internal/type/enum.rb": {
        "lines": [
          null,
          null,
          1,
          1,
          1,
          null,
          null,
          null,
          null,
          null,
          null,
          null,
          null,
          null,
          null,
          null,
          null,
          null,
          null,
          null,
          null,
          null,
          null,
          null,
          null,
          null,
          null,
          null,
          null,
          null,
          null,
          null,
          null,
          null,
          null,
          null,
          null,
          null,
          null,
          null,
          null,
          null,
          1,
          1,
          1,
          null,
          null,
          null,
          null,
          1,
          null,
          null,
          null,
          null,
          null,
          null,
          1,
          null,
          null,
          null,
          null,
          null,
          null,
          1,
          null,
          0,
          null,
          null,
          null,
          null,
          null,
          null,
          1,
          null,
          null,
          null,
          null,
          null,
          null,
          null,
          null,
          null,
          null,
          null,
          null,
          null,
          null,
          null,
          null,
          null,
          null,
          null,
          null,
          null,
          1,
          0,
          0,
          null,
          0,
          0,
          0,
          0,
          0,
          0,
          null,
          0,
          0,
          0,
          null,
          null,
          null,
          null,
          null,
          null,
          null,
          null,
          null,
          null,
          null,
          null,
          null,
          null,
          null,
          null,
          null,
          1,
          0,
          null,
          0,
          0,
          null,
          0,
          null,
          0,
          null,
          null,
          null,
          null,
          null,
          null,
          null,
          null,
          1,
          0,
          0,
          null,
          null,
          0,
          0,
          null,
          0,
          null,
          null,
          null,
          null,
          null
        ],
        "branches": {
          "[:if, 0, 97, 16, 97, 58]": {
            "[:then, 1, 97, 38, 97, 50]": 0,
            "[:else, 2, 97, 53, 97, 58]": 0
          },
          "[:\"&.\", 3, 102, 16, 102, 35]": {
            "[:then, 4, 102, 16, 102, 35]": 0,
            "[:else, 5, 102, 16, 102, 35]": 0
          },
          "[:if, 6, 102, 10, 108, 17]": {
            "[:then, 7, 103, 12, 104, 17]": 0,
            "[:else, 8, 106, 12, 108, 17]": 0
          },
          "[:if, 9, 99, 10, 109, 13]": {
            "[:then, 10, 100, 12, 101, 15]": 0,
            "[:else, 11, 102, 10, 108, 17]": 0
          },
          "[:case, 12, 128, 10, 135, 13]": {
            "[:in, 13, 130, 12, 130, 22]": 0,
            "[:in, 14, 132, 12, 132, 16]": 0,
            "[:else, 15, 134, 12, 134, 25]": 0
          },
          "[:if, 16, 145, 19, 145, 60]": {
            "[:then, 17, 145, 35, 145, 42]": 0,
            "[:else, 18, 145, 45, 145, 60]": 0
          },
          "[:if, 19, 144, 10, 146, 13]": {
            "[:then, 20, 145, 12, 145, 60]": 0,
            "[:else, 21, 144, 10, 146, 13]": 0
          },
          "[:if, 22, 149, 19, 149, 57]": {
            "[:then, 23, 149, 35, 149, 39]": 0,
            "[:else, 24, 149, 42, 149, 57]": 0
          }
        }
      },
      "/Users/raghubetina/code/firstdraft/ai-chat/openai-ruby/lib/openai/internal/type/union.rb": {
        "lines": [
          null,
          null,
          1,
          1,
          1,
          null,
          null,
          null,
          null,
          null,
          null,
          null,
          null,
          null,
          null,
          null,
          null,
          null,
          null,
          null,
          null,
          null,
          null,
          null,
          null,
          null,
          null,
          null,
          null,
          null,
          null,
          1,
          1,
          1,
          null,
          null,
          null,
          null,
          null,
          null,
          710,
          null,
          null,
          null,
          null,
          1,
          0,
          null,
          null,
          null,
          null,
          null,
          1,
          null,
          null,
          null,
          null,
          1,
          null,
          73,
          73,
          null,
          null,
          null,
          null,
          null,
          null,
          null,
          null,
          null,
          null,
          null,
          null,
          null,
          null,
          null,
          null,
          1,
          null,
          null,
          701,
          338,
          null,
          363,
          null,
          null,
          701,
          null,
          null,
          null,
          null,
          null,
          null,
          null,
          1,
          null,
          6,
          0,
          null,
          0,
          0,
          null,
          null,
          0,
          null,
          0,
          0,
          null,
          6,
          null,
          null,
          null,
          null,
          null,
          null,
          null,
          null,
          null,
          null,
          null,
          1,
          2,
          38,
          null,
          null,
          null,
          null,
          null,
          null,
          null,
          null,
          1,
          0,
          null,
          null,
          null,
          null,
          null,
          1,
          null,
          null,
          null,
          null,
          null,
          null,
          null,
          null,
          null,
          null,
          null,
          null,
          null,
          null,
          null,
          null,
          null,
          null,
          null,
          null,
          null,
          null,
          null,
          1,
          0,
          0,
          null,
          null,
          0,
          0,
          null,
          0,
          0,
          0,
          0,
          0,
          null,
          0,
          0,
          0,
          0,
          0,
          0,
          0,
          0,
          null,
          null,
          null,
          null,
          0,
          0,
          0,
          0,
          null,
          0,
          0,
          null,
          0,
          null,
          0,
          null,
          null,
          null,
          null,
          null,
          null,
          null,
          null,
          null,
          null,
          null,
          1,
          6,
          0,
          null,
          null,
          6,
          10,
          10,
          null,
          null,
          4,
          null,
          null,
          null,
          null,
          null,
          1,
          0,
          null,
          0,
          0,
          null,
          0,
          null,
          0,
          null,
          null,
          null,
          null,
          null,
          null,
          null,
          null,
          null,
          null,
          null,
          1,
          0,
          0,
          null,
          null,
          0,
          0,
          null,
          0,
          null,
          null,
          null,
          null,
          null
        ],
        "branches": {
          "[:case, 0, 59, 10, 62, 13]": {
            "[:in, 1, 61, 12, 61, 37]": 73,
            "[:else, 2, 59, 10, 62, 13]": 0
          },
          "[:case, 3, 80, 12, 85, 15]": {
            "[:in, 4, 82, 14, 82, 70]": 338,
            "[:in, 5, 84, 14, 84, 69]": 363,
            "[:else, 6, 80, 12, 85, 15]": 0
          },
          "[:case, 7, 96, 10, 110, 13]": {
            "[:in, 8, 98, 12, 98, 23]": 0,
            "[:in, 9, 100, 12, 107, 61]": 0,
            "[:else, 10, 109, 12, 109, 15]": 6
          },
          "[:if, 11, 104, 12, 104, 55]": {
            "[:then, 12, 104, 12, 104, 22]": 0,
            "[:else, 13, 104, 12, 104, 55]": 0
          },
          "[:if, 14, 106, 12, 106, 49]": {
            "[:then, 15, 106, 12, 106, 28]": 0,
            "[:else, 16, 106, 12, 106, 49]": 0
          },
          "[:\"&.\", 17, 107, 12, 107, 55]": {
            "[:then, 18, 107, 12, 107, 55]": 0,
            "[:else, 19, 107, 12, 107, 55]": 0
          },
          "[:\"&.\", 20, 107, 12, 107, 61]": {
            "[:then, 21, 107, 12, 107, 61]": 0,
            "[:else, 22, 107, 12, 107, 61]": 0
          },
          "[:if, 23, 164, 10, 166, 13]": {
            "[:then, 24, 165, 12, 165, 88]": 0,
            "[:else, 25, 164, 10, 166, 13]": 0
          },
          "[:if, 26, 183, 12, 184, 66]": {
            "[:then, 27, 184, 14, 184, 66]": 0,
            "[:else, 28, 183, 12, 184, 66]": 0
          },
          "[:if, 29, 179, 12, 185, 15]": {
            "[:then, 30, 180, 14, 182, 28]": 0,
            "[:else, 31, 183, 12, 184, 66]": 0
          },
          "[:case, 32, 188, 10, 196, 13]": {
            "[:in, 33, 190, 12, 192, 17]": 0,
            "[:in, 34, 194, 12, 195, 19]": 0,
            "[:else, 35, 188, 10, 196, 13]": 0
          },
          "[:if, 36, 212, 10, 214, 13]": {
            "[:then, 37, 213, 12, 213, 86]": 0,
            "[:else, 38, 212, 10, 214, 13]": 6
          },
          "[:if, 39, 218, 12, 218, 106]": {
            "[:then, 40, 218, 12, 218, 86]": 2,
            "[:else, 41, 218, 12, 218, 106]": 8
          },
          "[:case, 42, 229, 10, 236, 13]": {
            "[:in, 43, 231, 12, 231, 22]": 0,
            "[:in, 44, 233, 12, 233, 16]": 0,
            "[:else, 45, 235, 12, 235, 25]": 0
          },
          "[:if, 46, 249, 19, 249, 60]": {
            "[:then, 47, 249, 35, 249, 42]": 0,
            "[:else, 48, 249, 45, 249, 60]": 0
          },
          "[:if, 49, 248, 10, 250, 13]": {
            "[:then, 50, 249, 12, 249, 60]": 0,
            "[:else, 51, 248, 10, 250, 13]": 0
          },
          "[:if, 52, 253, 19, 253, 57]": {
            "[:then, 53, 253, 35, 253, 39]": 0,
            "[:else, 54, 253, 42, 253, 57]": 0
          }
        }
      },
      "/Users/raghubetina/code/firstdraft/ai-chat/openai-ruby/lib/openai/internal/type/array_of.rb": {
        "lines": [
          null,
          null,
          1,
          1,
          1,
          null,
          null,
          null,
          null,
          null,
          null,
          null,
          1,
          1,
          1,
          null,
          1,
          null,
          null,
          null,
          null,
          null,
          null,
          null,
          null,
          null,
          null,
          null,
          null,
          null,
          null,
          null,
          null,
          1,
          null,
          null,
          null,
          null,
          null,
          null,
          1,
          null,
          null,
          null,
          null,
          null,
          null,
          1,
          null,
          0,
          null,
          null,
          null,
          null,
          null,
          null,
          1,
          null,
          null,
          null,
          null,
          null,
          null,
          null,
          null,
          null,
          null,
          null,
          null,
          null,
          null,
          null,
          null,
          null,
          null,
          1,
          0,
          null,
          0,
          0,
          0,
          0,
          null,
          null,
          0,
          0,
          0,
          null,
          null,
          0,
          0,
          0,
          null,
          0,
          null,
          null,
          null,
          null,
          null,
          null,
          null,
          null,
          null,
          null,
          null,
          null,
          null,
          1,
          0,
          0,
          0,
          0,
          null,
          null,
          0,
          null,
          null,
          null,
          null,
          null,
          null,
          1,
          0,
          null,
          null,
          null,
          null,
          null,
          1,
          null,
          null,
          null,
          null,
          1,
          null,
          null,
          null,
          null,
          null,
          null,
          null,
          null,
          null,
          null,
          null,
          null,
          null,
          null,
          1,
          105,
          105,
          null,
          null,
          null,
          null,
          null,
          null,
          null,
          1,
          0,
          null,
          0,
          null,
          null,
          null,
          null,
          null
        ],
        "branches": {
          "[:unless, 0, 79, 10, 83, 13]": {
            "[:else, 1, 79, 10, 83, 13]": 0,
            "[:then, 2, 80, 12, 82, 24]": 0
          },
          "[:case, 3, 89, 14, 95, 17]": {
            "[:in, 4, 91, 16, 92, 19]": 0,
            "[:else, 5, 94, 16, 94, 84]": 0
          },
          "[:if, 6, 110, 10, 116, 13]": {
            "[:then, 7, 111, 12, 113, 15]": 0,
            "[:else, 8, 115, 12, 115, 17]": 0
          },
          "[:if, 9, 162, 35, 162, 57]": {
            "[:then, 10, 162, 46, 162, 51]": 0,
            "[:else, 11, 162, 54, 162, 57]": 0
          }
        }
      },
      "/Users/raghubetina/code/firstdraft/ai-chat/openai-ruby/lib/openai/internal/type/hash_of.rb": {
        "lines": [
          null,
          null,
          1,
          1,
          1,
          null,
          null,
          null,
          null,
          null,
          null,
          null,
          1,
          1,
          1,
          null,
          1,
          null,
          null,
          null,
          null,
          null,
          null,
          null,
          null,
          null,
          null,
          null,
          null,
          null,
          null,
          null,
          null,
          1,
          null,
          null,
          null,
          null,
          null,
          null,
          1,
          0,
          null,
          0,
          0,
          null,
          0,
          0,
          null,
          0,
          null,
          null,
          null,
          0,
          null,
          null,
          null,
          null,
          null,
          null,
          null,
          null,
          1,
          null,
          0,
          null,
          null,
          null,
          null,
          null,
          null,
          1,
          null,
          null,
          null,
          null,
          null,
          null,
          null,
          null,
          null,
          null,
          null,
          null,
          null,
          null,
          null,
          null,
          null,
          null,
          1,
          0,
          null,
          0,
          0,
          0,
          0,
          null,
          null,
          0,
          0,
          0,
          null,
          0,
          null,
          null,
          0,
          0,
          0,
          null,
          0,
          null,
          null,
          0,
          0,
          null,
          null,
          null,
          null,
          null,
          null,
          null,
          null,
          null,
          null,
          null,
          null,
          1,
          0,
          0,
          0,
          0,
          null,
          null,
          0,
          null,
          null,
          null,
          null,
          null,
          null,
          1,
          0,
          null,
          null,
          null,
          null,
          null,
          1,
          null,
          null,
          null,
          null,
          1,
          null,
          null,
          null,
          null,
          null,
          null,
          null,
          null,
          null,
          null,
          null,
          null,
          null,
          null,
          1,
          96,
          96,
          null,
          null,
          null,
          null,
          null,
          null,
          null,
          1,
          0,
          null,
          0,
          null,
          null,
          null,
          null,
          null
        ],
        "branches": {
          "[:case, 0, 43, 10, 55, 13]": {
            "[:in, 1, 45, 12, 52, 15]": 0,
            "[:else, 2, 54, 12, 54, 17]": 0
          },
          "[:case, 3, 46, 14, 51, 17]": {
            "[:in, 4, 48, 16, 48, 20]": 0,
            "[:else, 5, 50, 16, 50, 21]": 0
          },
          "[:unless, 6, 94, 10, 98, 13]": {
            "[:else, 7, 94, 10, 98, 13]": 0,
            "[:then, 8, 95, 12, 97, 24]": 0
          },
          "[:if, 9, 104, 18, 104, 54]": {
            "[:then, 10, 104, 38, 104, 48]": 0,
            "[:else, 11, 104, 51, 104, 54]": 0
          },
          "[:case, 12, 106, 16, 112, 19]": {
            "[:in, 13, 108, 18, 109, 21]": 0,
            "[:else, 14, 111, 18, 111, 85]": 0
          },
          "[:unless, 15, 114, 14, 114, 56]": {
            "[:else, 16, 114, 14, 114, 56]": 0,
            "[:then, 17, 114, 14, 114, 33]": 0
          },
          "[:if, 18, 130, 10, 136, 13]": {
            "[:then, 19, 131, 12, 133, 15]": 0,
            "[:else, 20, 135, 12, 135, 17]": 0
          },
          "[:if, 21, 182, 35, 182, 57]": {
            "[:then, 22, 182, 46, 182, 51]": 0,
            "[:else, 23, 182, 54, 182, 57]": 0
          }
        }
      },
      "/Users/raghubetina/code/firstdraft/ai-chat/openai-ruby/lib/openai/internal/type/base_model.rb": {
        "lines": [
          null,
          null,
          1,
          1,
          1,
          null,
          1,
          1,
          1,
          null,
          1,
          null,
          null,
          null,
          null,
          null,
          null,
          1,
          809,
          809,
          null,
          null,
          null,
          null,
          null,
          1,
          null,
          null,
          null,
          null,
          1,
          0,
          0,
          null,
          null,
          null,
          null,
          null,
          null,
          null,
          null,
          null,
          null,
          null,
          null,
          null,
          null,
          null,
          null,
          null,
          null,
          null,
          null,
          1,
          null,
          null,
          2923,
          2164,
          null,
          759,
          null,
          null,
          2923,
          2923,
          2923,
          2923,
          null,
          2927,
          null,
          2923,
          null,
          null,
          null,
          null,
          null,
          null,
          null,
          null,
          null,
          2923,
          0,
          0,
          0,
          0,
          null,
          null,
          0,
          0,
          null,
          0,
          null,
          0,
          null,
          null,
          null,
          null,
          2923,
          0,
          null,
          null,
          0,
          0,
          null,
          0,
          null,
          null,
          null,
          null,
          null,
          null,
          null,
          0,
          0,
          0,
          0,
          0,
          null,
          0,
          null,
          null,
          null,
          null,
          0,
          null,
          null,
          null,
          null,
          null,
          null,
          null,
          null,
          null,
          null,
          null,
          null,
          null,
          null,
          null,
          null,
          null,
          null,
          null,
          null,
          null,
          null,
          null,
          null,
          null,
          null,
          null,
          null,
          1,
          1878,
          null,
          null,
          null,
          null,
          null,
          null,
          null,
          null,
          null,
          null,
          null,
          null,
          null,
          null,
          null,
          null,
          null,
          1,
          1045,
          null,
          null,
          null,
          null,
          null,
          null,
          null,
          null,
          1,
          0,
          0,
          null,
          0,
          null,
          null,
          null,
          null,
          null,
          null,
          null,
          1,
          0,
          0,
          null,
          0,
          null,
          null,
          null,
          null,
          null,
          null,
          null,
          1,
          0,
          null,
          null,
          null,
          null,
          null,
          1,
          null,
          null,
          null,
          null,
          null,
          null,
          null,
          1,
          null,
          null,
          null,
          null,
          1,
          null,
          1,
          null,
          null,
          null,
          null,
          null,
          null,
          null,
          null,
          null,
          null,
          null,
          null,
          null,
          null,
          null,
          null,
          null,
          1,
          0,
          null,
          0,
          0,
          0,
          null,
          null,
          0,
          0,
          0,
          0,
          null,
          0,
          null,
          0,
          0,
          0,
          0,
          null,
          null,
          0,
          0,
          0,
          0,
          null,
          0,
          0,
          0,
          null,
          0,
          null,
          0,
          null,
          null,
          0,
          0,
          null,
          0,
          null,
          0,
          0,
          0,
          null,
          0,
          null,
          0,
          0,
          null,
          0,
          null,
          null,
          null,
          0,
          0,
          null,
          null,
          null,
          0,
          0,
          null,
          null,
          null,
          null,
          null,
          null,
          null,
          null,
          null,
          null,
          null,
          1,
          2,
          0,
          null,
          null,
          2,
          null,
          2,
          6,
          null,
          6,
          0,
          null,
          6,
          null,
          6,
          0,
          null,
          6,
          6,
          null,
          null,
          null,
          null,
          2,
          50,
          50,
          0,
          null,
          null,
          2,
          null,
          null,
          null,
          null,
          null,
          1,
          0,
          null,
          null,
          null,
          1,
          null,
          null,
          null,
          null,
          null,
          null,
          1,
          0,
          null,
          0,
          0,
          0,
          0,
          0,
          null,
          0,
          null,
          null,
          0,
          null,
          null,
          0,
          null,
          0,
          null,
          0,
          null,
          null,
          0,
          null,
          null,
          null,
          null,
          null,
          null,
          null,
          null,
          null,
          null,
          null,
          null,
          null,
          null,
          null,
          1,
          0,
          0,
          null,
          null,
          0,
          null,
          null,
          null,
          null,
          null,
          null,
          null,
          null,
          null,
          null,
          null,
          null,
          null,
          null,
          1,
          null,
          1,
          null,
          null,
          null,
          null,
          null,
          null,
          null,
          1,
          null,
          null,
          null,
          null,
          null,
          null,
          null,
          null,
          null,
          null,
          null,
          null,
          1,
          0,
          null,
          0,
          0,
          null,
          null,
          0,
          null,
          null,
          null,
          null,
          null,
          null,
          null,
          null,
          null,
          1,
          null,
[...]
          null,
          null,
          null,
          null,
          null,
          null,
          null,
          null,
          null,
          null,
          null,
          null,
          1,
          2,
          null,
          null,
          null,
          null,
          null
        ],
        "branches": {}
      },
      "/Users/raghubetina/code/firstdraft/ai-chat/openai-ruby/lib/openai/resources/vector_stores.rb": {
        "lines": [
          null,
          null,
          1,
          1,
          1,
          null,
          1,
          null,
          null,
          1,
          null,
          null,
          null,
          null,
          null,
          null,
          null,
          null,
          null,
          null,
          null,
          null,
          null,
          null,
          null,
          null,
          null,
          null,
          null,
          null,
          null,
          null,
          null,
          1,
          0,
          0,
          null,
          null,
          null,
          null,
          null,
          null,
          null,
          null,
          null,
          null,
          null,
          null,
          null,
          null,
          null,
          null,
          null,
          null,
          null,
          1,
          0,
          null,
          null,
          null,
          null,
          null,
          null,
          null,
          null,
          null,
          null,
          null,
          null,
          null,
          null,
          null,
          null,
          null,
          null,
          null,
          null,
          null,
          null,
          null,
          null,
          null,
          null,
          null,
          1,
          0,
          0,
          null,
          null,
          null,
          null,
          null,
          null,
          null,
          null,
          null,
          null,
          null,
          null,
          null,
          null,
          null,
          null,
          null,
          null,
          null,
          null,
          null,
          null,
          null,
          null,
          null,
          null,
          null,
          null,
          1,
          0,
          0,
          null,
          null,
          null,
          null,
          null,
          null,
          null,
          null,
          null,
          null,
          null,
          null,
          null,
          null,
          null,
          null,
          null,
          null,
          null,
          null,
          1,
          0,
          null,
          null,
          null,
          null,
          null,
          null,
          null,
          null,
          null,
          null,
          null,
          null,
          null,
          null,
          null,
          null,
          null,
          null,
          null,
          null,
          null,
          null,
          null,
          null,
          null,
          null,
          null,
          null,
          null,
          null,
          null,
          null,
          1,
          0,
          0,
          null,
          null,
          null,
          null,
          null,
          null,
          null,
          null,
          null,
          null,
          null,
          null,
          1,
          2,
          2,
          2,
          null,
          null,
          null,
          null
        ],
        "branches": {}
      },
      "/Users/raghubetina/code/firstdraft/ai-chat/openai-ruby/lib/openai/resources/vector_stores/file_batches.rb": {
        "lines": [
          null,
          null,
          1,
          1,
          1,
          1,
          null,
          null,
          null,
          null,
          null,
          null,
          null,
          null,
          null,
          null,
          null,
          null,
          null,
          null,
          null,
          null,
          null,
          null,
          null,
          null,
          1,
          0,
          0,
          null,
          null,
          null,
          null,
          null,
          null,
          null,
          null,
          null,
          null,
          null,
          null,
          null,
          null,
          null,
          null,
          null,
          null,
          null,
          null,
          null,
          1,
          0,
          null,
          0,
          0,
          null,
          0,
          null,
          null,
          null,
          null,
          null,
          null,
          null,
          null,
          null,
          null,
          null,
          null,
          null,
          null,
          null,
          null,
          null,
          null,
          null,
          null,
          null,
          1,
          0,
          null,
          0,
          0,
          null,
          0,
          null,
          null,
          null,
          null,
          null,
          null,
          null,
          null,
          null,
          null,
          null,
          null,
          null,
          null,
          null,
          null,
          null,
          null,
          null,
          null,
          null,
          null,
          null,
          null,
          null,
          null,
          null,
          null,
          null,
          null,
          null,
          null,
          null,
          1,
          0,
          null,
          0,
          0,
          null,
          0,
          null,
          null,
          null,
          null,
          null,
          null,
          null,
          null,
          null,
          null,
          null,
          null,
          1,
          2,
          null,
          null,
          null,
          null,
          null
        ],
        "branches": {}
      },
      "/Users/raghubetina/code/firstdraft/ai-chat/openai-ruby/lib/openai/resources/vector_stores/files.rb": {
        "lines": [
          null,
          null,
          1,
          1,
          1,
          1,
          null,
          null,
          null,
          null,
          null,
          null,
          null,
          null,
          null,
          null,
          null,
          null,
          null,
          null,
          null,
          null,
          null,
          null,
          null,
          null,
          null,
          null,
          1,
          0,
          0,
          null,
          null,
          null,
          null,
          null,
          null,
          null,
          null,
          null,
          null,
          null,
          null,
          null,
          null,
          null,
          null,
          null,
          null,
          null,
          null,
          null,
          1,
          0,
          null,
          0,
          0,
          null,
          0,
          null,
          null,
          null,
          null,
          null,
          null,
          null,
          null,
          null,
          null,
          null,
          null,
          null,
          null,
          null,
          null,
          null,
          null,
          null,
          null,
          null,
          null,
          null,
          null,
          null,
          1,
          0,
          null,
          0,
          0,
          null,
          0,
          null,
          null,
          null,
          null,
          null,
          null,
          null,
          null,
          null,
          null,
          null,
          null,
          null,
          null,
          null,
          null,
          null,
          null,
          null,
          null,
          null,
          null,
          null,
          null,
          null,
          null,
          null,
          null,
          null,
          null,
          null,
          null,
          1,
          0,
          0,
          null,
          null,
          null,
          null,
          null,
          null,
          null,
          null,
          null,
          null,
          null,
          null,
          null,
          null,
          null,
          null,
          null,
          null,
          null,
          null,
          null,
          null,
          null,
          null,
          null,
          1,
          0,
          null,
          0,
          0,
          null,
          0,
          null,
          null,
          null,
          null,
          null,
          null,
          null,
          null,
          null,
          null,
          null,
          null,
          null,
          null,
          null,
          null,
          null,
          null,
          null,
          null,
          1,
          0,
          null,
          0,
          0,
          null,
          0,
          null,
          null,
          null,
          null,
          null,
          null,
          null,
          null,
          null,
          null,
          null,
          1,
          2,
          null,
          null,
          null,
          null,
          null
        ],
        "branches": {}
      },
      "/Users/raghubetina/code/firstdraft/ai-chat/openai-ruby/lib/openai/resources/webhooks.rb": {
        "lines": [
          null,
          null,
          1,
          1,
          null,
          1,
          1,
          1,
          null,
          null,
          null,
          null,
          null,
          null,
          null,
          null,
          null,
          1,
          null,
          null,
          null,
          null,
          0,
          null,
          0,
          0,
          null,
          null,
          null,
          null,
          null,
          null,
          null,
          null,
          null,
          null,
          1,
          null,
          null,
          null,
          null,
          null,
          0,
          0,
          null,
          null,
          null,
          null,
          null,
          0,
          0,
          0,
          null,
          0,
          0,
          null,
          null,
          0,
          0,
          null,
          null,
          0,
          0,
          null,
          null,
          null,
          null,
          0,
          null,
          0,
          null,
          null,
          0,
          null,
          0,
          0,
          null,
          null,
          0,
          0,
          null,
          null,
          null,
          null,
          null,
          0,
          0,
          0,
          null,
          0,
          null,
          null,
          null,
          null,
          0,
          0,
          null,
          0,
          null,
          null,
          null,
          0,
          null,
          null,
          0,
          null,
          null,
          null,
          null,
          0,
          null,
          0,
          null,
          null,
          null,
          null,
          null,
          null,
          1,
          2,
          null,
          null,
          null,
          null
        ],
        "branches": {
          "[:if, 0, 43, 8, 47, 11]": {
            "[:then, 1, 44, 10, 46, 44]": 0,
            "[:else, 2, 43, 8, 47, 11]": 0
          },
          "[:if, 3, 54, 8, 56, 11]": {
            "[:then, 4, 55, 10, 55, 74]": 0,
            "[:else, 5, 54, 8, 56, 11]": 0
          },
          "[:if, 6, 58, 8, 60, 11]": {
            "[:then, 7, 59, 10, 59, 74]": 0,
            "[:else, 8, 58, 8, 60, 11]": 0
          },
          "[:if, 9, 62, 8, 64, 11]": {
            "[:then, 10, 63, 10, 63, 67]": 0,
            "[:else, 11, 62, 8, 64, 11]": 0
          },
          "[:if, 12, 75, 8, 77, 11]": {
            "[:then, 13, 76, 10, 76, 92]": 0,
            "[:else, 14, 75, 8, 77, 11]": 0
          },
          "[:if, 15, 79, 8, 81, 11]": {
            "[:then, 16, 80, 10, 80, 92]": 0,
            "[:else, 17, 79, 8, 81, 11]": 0
          },
          "[:if, 18, 87, 10, 91, 13]": {
            "[:then, 19, 88, 12, 88, 21]": 0,
            "[:else, 20, 90, 12, 90, 16]": 0
          },
          "[:if, 21, 95, 25, 99, 11]": {
            "[:then, 22, 96, 10, 96, 46]": 0,
            "[:else, 23, 98, 10, 98, 24]": 0
          },
          "[:if, 24, 110, 8, 110, 103]": {
            "[:then, 25, 110, 8, 110, 14]": 0,
            "[:else, 26, 110, 8, 110, 103]": 0
          }
        }
      },
      "/Users/raghubetina/code/firstdraft/ai-chat/openai-ruby/lib/openai/helpers/streaming/events.rb": {
        "lines": [
          null,
          null,
          1,
          1,
          1,
          1,
          1,
          null,
          null,
          1,
          1,
          null,
          null,
          1,
          1,
          null,
          null,
          1,
          1,
          null,
          null,
          null,
          null
        ],
        "branches": {}
      },
      "/Users/raghubetina/code/firstdraft/ai-chat/openai-ruby/lib/openai/helpers/streaming/response_stream.rb": {
        "lines": [
          null,
          null,
          1,
          null,
          1,
          1,
          1,
          1,
          1,
          null,
          1,
          0,
          0,
          0,
          0,
          0,
          null,
          null,
          null,
          null,
          1,
          0,
          0,
          null,
          null,
          1,
          0,
          0,
          0,
          null,
          0,
          null,
          null,
          null,
          null,
          null,
          1,
          0,
          0,
          0,
          0,
          null,
          null,
          1,
          0,
          0,
          null,
          0,
          0,
          null,
          0,
          0,
          0,
          null,
          null,
          null,
          0,
          null,
          null,
          1,
          null,
          1,
          0,
          0,
          0,
          0,
          0,
          0,
          null,
          null,
          null,
          null,
          null,
          null,
          null,
          1,
          1,
          null,
          1,
          0,
          0,
          0,
          null,
          null,
          1,
          0,
          null,
          null,
          null,
          null,
          0,
          null,
          0,
          null,
          0,
          0,
          null,
          0,
          0,
          null,
          0,
          null,
          null,
          null,
          null,
          null,
          null,
          null,
          null,
          null,
          null,
          0,
          0,
          null,
          0,
          0,
          null,
          0,
          null,
          0,
          null,
          null,
          null,
          null,
          null,
          null,
          null,
          null,
          null,
          null,
          0,
          0,
          null,
          0,
          null,
          null,
          null,
          null,
          null,
          null,
          null,
          null,
          null,
          0,
          null,
          null,
          null,
          null,
          null,
          null,
          null,
          0,
          null,
          null,
          0,
          null,
          null,
          1,
          0,
          0,
          0,
          null,
          null,
          null,
          null,
          0,
          null,
          null,
          null,
          null,
          null,
          0,
          null,
          0,
          null,
          null,
          0,
          0,
          0,
          0,
          null,
          null,
          null,
          0,
          0,
          0,
          0,
          0,
          0,
          0,
          null,
          null,
          null,
          null,
          0,
          0,
          0,
          0,
          null,
          null,
          null,
          0,
          null,
          null,
          0,
          null,
          null,
          1,
          null,
          1,
          0,
          0,
          0,
          null,
          null,
          1,
          0,
          null,
          null,
          0,
          0,
          0,
          0,
          null,
          null,
          null,
          null,
          null,
          null,
          null,
          null,
          null
        ],
        "branches": {
          "[:case, 0, 29, 14, 32, 17]": {
            "[:when, 1, 31, 16, 31, 38]": 0,
            "[:else, 2, 29, 14, 32, 17]": 0
          },
          "[:unless, 3, 40, 10, 40, 95]": {
            "[:else, 4, 40, 10, 40, 95]": 0,
            "[:then, 5, 40, 10, 40, 79]": 0
          },
          "[:unless, 6, 49, 12, 49, 47]": {
            "[:else, 7, 49, 12, 49, 47]": 0,
            "[:then, 8, 49, 12, 49, 16]": 0
          },
          "[:unless, 9, 52, 14, 52, 54]": {
            "[:else, 10, 52, 14, 52, 54]": 0,
            "[:then, 11, 52, 14, 52, 18]": 0
          },
          "[:if, 12, 67, 16, 69, 19]": {
            "[:then, 13, 68, 18, 68, 28]": 0,
            "[:else, 14, 67, 16, 69, 19]": 0
          },
          "[:case, 15, 93, 10, 153, 13]": {
            "[:when, 16, 95, 12, 109, 13]": 0,
            "[:when, 17, 112, 12, 128, 13]": 0,
            "[:when, 18, 131, 12, 141, 13]": 0,
            "[:when, 19, 144, 12, 148, 13]": 0,
            "[:else, 20, 152, 12, 152, 36]": 0
          },
          "[:unless, 21, 160, 12, 162, 15]": {
            "[:else, 22, 160, 12, 162, 15]": 0,
            "[:then, 23, 161, 14, 161, 65]": 0
          },
          "[:if, 24, 159, 10, 170, 13]": {
            "[:then, 25, 160, 12, 169, 13]": 0,
            "[:else, 26, 159, 10, 170, 13]": 0
          },
          "[:case, 27, 172, 10, 203, 13]": {
            "[:when, 28, 174, 12, 174, 52]": 0,
            "[:when, 29, 177, 12, 181, 15]": 0,
            "[:when, 30, 184, 12, 192, 15]": 0,
            "[:when, 31, 195, 12, 199, 15]": 0,
            "[:when, 32, 202, 12, 202, 48]": 0,
            "[:else, 33, 172, 10, 203, 13]": 0
          },
          "[:if, 34, 178, 12, 181, 15]": {
            "[:then, 35, 179, 14, 180, 66]": 0,
            "[:else, 36, 178, 12, 181, 15]": 0
          },
          "[:if, 37, 187, 14, 191, 17]": {
            "[:then, 38, 188, 16, 190, 68]": 0,
            "[:else, 39, 187, 14, 191, 17]": 0
          },
          "[:if, 40, 185, 12, 192, 15]": {
            "[:then, 41, 186, 14, 191, 17]": 0,
            "[:else, 42, 185, 12, 192, 15]": 0
          },
          "[:if, 43, 196, 12, 199, 15]": {
            "[:then, 44, 197, 14, 198, 66]": 0,
            "[:else, 45, 196, 12, 199, 15]": 0
          },
          "[:if, 46, 211, 10, 211, 58]": {
            "[:then, 47, 211, 10, 211, 16]": 0,
            "[:else, 48, 211, 10, 211, 58]": 0
          },
          "[:if, 49, 212, 24, 212, 52]": {
            "[:then, 50, 212, 33, 212, 44]": 0,
            "[:else, 51, 212, 47, 212, 52]": 0
          },
          "[:unless, 52, 217, 10, 217, 48]": {
            "[:else, 53, 217, 10, 217, 48]": 0,
            "[:then, 54, 217, 10, 217, 20]": 0
          }
        }
      },
      "/Users/raghubetina/code/firstdraft/ai-chat/openai-ruby/lib/openai/streaming.rb": {
        "lines": [
          null,
          null,
          1,
          1,
          null
        ],
        "branches": {}
      },
      "/Users/raghubetina/code/firstdraft/ai-chat/lib/ai/response.rb": {
        "lines": [
          1,
          1,
          1,
          null,
          1,
          0,
          0,
          0,
          0,
          null,
          null,
          null
        ],
        "branches": {}
      }
    },
    "timestamp": 1754094899
  }
}
